<?xml version="1.0" encoding="UTF-8"?>
<testsuite name="PoetryTest" tests="1" skipped="0" failures="0" errors="0" timestamp="2019-08-08T03:52:43" hostname="Sanjolis-MacBook-Pro.local" time="0.0">
  <properties/>
  <testcase name="testRecite" classname="PoetryTest" time="0.0"/>
  <system-out><![CDATA[]]></system-out>
  <system-err><![CDATA[]]></system-err>
</testsuite>
